[2025-07-20T10:57:57.501+0000] {taskinstance.py:1956} INFO - Dependencies all met for dep_context=non-requeueable deps ti=<TaskInstance: retrain_model_dag.retrain_best_model manual__2025-07-20T10:57:42.789335+00:00 [queued]>
[2025-07-20T10:57:57.873+0000] {taskinstance.py:1956} INFO - Dependencies all met for dep_context=requeueable deps ti=<TaskInstance: retrain_model_dag.retrain_best_model manual__2025-07-20T10:57:42.789335+00:00 [queued]>
[2025-07-20T10:57:57.874+0000] {taskinstance.py:2170} INFO - Starting attempt 1 of 1
[2025-07-20T10:57:58.002+0000] {taskinstance.py:2191} INFO - Executing <Task(PythonOperator): retrain_best_model> on 2025-07-20 10:57:42.789335+00:00
[2025-07-20T10:57:58.092+0000] {standard_task_runner.py:60} INFO - Started process 60 to run task
[2025-07-20T10:57:58.106+0000] {standard_task_runner.py:87} INFO - Running: ['airflow', 'tasks', 'run', 'retrain_model_dag', 'retrain_best_model', 'manual__2025-07-20T10:57:42.789335+00:00', '--job-id', '65', '--raw', '--subdir', 'DAGS_FOLDER/retrain_model_dag.py', '--cfg-path', '/tmp/tmpyzrf445t']
[2025-07-20T10:57:58.117+0000] {standard_task_runner.py:88} INFO - Job 65: Subtask retrain_best_model
[2025-07-20T10:57:58.384+0000] {task_command.py:423} INFO - Running <TaskInstance: retrain_model_dag.retrain_best_model manual__2025-07-20T10:57:42.789335+00:00 [running]> on host 5d624077b80e
[2025-07-20T10:57:58.801+0000] {taskinstance.py:2480} INFO - Exporting env vars: AIRFLOW_CTX_DAG_OWNER='airflow' AIRFLOW_CTX_DAG_ID='retrain_model_dag' AIRFLOW_CTX_TASK_ID='retrain_best_model' AIRFLOW_CTX_EXECUTION_DATE='2025-07-20T10:57:42.789335+00:00' AIRFLOW_CTX_TRY_NUMBER='1' AIRFLOW_CTX_DAG_RUN_ID='manual__2025-07-20T10:57:42.789335+00:00'
[2025-07-20T10:57:58.807+0000] {logging_mixin.py:188} INFO - 📦 Starting retraining process
[2025-07-20T10:57:58.809+0000] {logging_mixin.py:188} INFO - 🗄️ Loading data...
[2025-07-20T10:57:59.150+0000] {logging_mixin.py:188} INFO - ⚙️ Running full preprocessing...
[2025-07-20T10:58:00.051+0000] {logging_mixin.py:188} INFO - ✂️ Splitting data...
[2025-07-20T10:58:00.102+0000] {logging_mixin.py:188} INFO - 
🧠 Training model: LogisticRegression
[2025-07-20T10:58:00.878+0000] {logging_mixin.py:188} INFO - ✅ Accuracy:  0.8176
[2025-07-20T10:58:00.886+0000] {logging_mixin.py:188} INFO - ✅ Precision: 0.7622
[2025-07-20T10:58:00.895+0000] {logging_mixin.py:188} INFO - ✅ Recall:    0.7654
[2025-07-20T10:58:00.912+0000] {logging_mixin.py:188} INFO - ✅ F1-score:  0.7638
[2025-07-20T10:58:00.916+0000] {logging_mixin.py:188} INFO - ✅ AUC-ROC:   0.8694
[2025-07-20T10:58:00.920+0000] {logging_mixin.py:188} INFO - 
🧠 Training model: RandomForest
[2025-07-20T10:58:03.458+0000] {logging_mixin.py:188} INFO - ✅ Accuracy:  0.8176
[2025-07-20T10:58:03.459+0000] {logging_mixin.py:188} INFO - ✅ Precision: 0.7803
[2025-07-20T10:58:03.460+0000] {logging_mixin.py:188} INFO - ✅ Recall:    0.7331
[2025-07-20T10:58:03.461+0000] {logging_mixin.py:188} INFO - ✅ F1-score:  0.7560
[2025-07-20T10:58:03.462+0000] {logging_mixin.py:188} INFO - ✅ AUC-ROC:   0.8850
[2025-07-20T10:58:03.462+0000] {logging_mixin.py:188} INFO - 
🧠 Training model: XGBoost
[2025-07-20T10:58:05.073+0000] {logging_mixin.py:188} INFO - ✅ Accuracy:  0.8193
[2025-07-20T10:58:05.074+0000] {logging_mixin.py:188} INFO - ✅ Precision: 0.7838
[2025-07-20T10:58:05.074+0000] {logging_mixin.py:188} INFO - ✅ Recall:    0.7331
[2025-07-20T10:58:05.075+0000] {logging_mixin.py:188} INFO - ✅ F1-score:  0.7576
[2025-07-20T10:58:05.075+0000] {logging_mixin.py:188} INFO - ✅ AUC-ROC:   0.8930
[2025-07-20T10:58:05.076+0000] {logging_mixin.py:188} INFO - 
🧠 Training model: LightGBM
[2025-07-20T10:58:05.491+0000] {logging_mixin.py:188} INFO - ✅ Accuracy:  0.8279
[2025-07-20T10:58:05.492+0000] {logging_mixin.py:188} INFO - ✅ Precision: 0.7872
[2025-07-20T10:58:05.493+0000] {logging_mixin.py:188} INFO - ✅ Recall:    0.7584
[2025-07-20T10:58:05.493+0000] {logging_mixin.py:188} INFO - ✅ F1-score:  0.7725
[2025-07-20T10:58:05.494+0000] {logging_mixin.py:188} INFO - ✅ AUC-ROC:   0.8967
[2025-07-20T10:58:05.494+0000] {logging_mixin.py:188} INFO - 
🧠 Training model: DecisionTree
[2025-07-20T10:58:05.647+0000] {logging_mixin.py:188} INFO - ✅ Accuracy:  0.7727
[2025-07-20T10:58:05.649+0000] {logging_mixin.py:188} INFO - ✅ Precision: 0.7128
[2025-07-20T10:58:05.650+0000] {logging_mixin.py:188} INFO - ✅ Recall:    0.6868
[2025-07-20T10:58:05.651+0000] {logging_mixin.py:188} INFO - ✅ F1-score:  0.6996
[2025-07-20T10:58:05.652+0000] {logging_mixin.py:188} INFO - ✅ AUC-ROC:   0.7684
[2025-07-20T10:58:05.951+0000] {logging_mixin.py:188} INFO - 🚀 Training 5 models...
[2025-07-20T10:58:05.953+0000] {logging_mixin.py:188} INFO - 
📊 Training LogisticRegression...
[2025-07-20T10:58:06.583+0000] {logging_mixin.py:188} INFO - Fitting 3 folds for each of 3 candidates, totalling 9 fits
[2025-07-20T10:58:22.968+0000] {logging_mixin.py:188} INFO - ✅ LogisticRegression — Acc: 0.8176, Prec: 0.8178, Recall: 0.8176, F1: 0.8177
[2025-07-20T10:58:23.031+0000] {logging_mixin.py:188} INFO - 
📊 Training RandomForest...
[2025-07-20T10:58:23.336+0000] {logging_mixin.py:188} INFO - Fitting 3 folds for each of 4 candidates, totalling 12 fits
[2025-07-20T10:58:36.214+0000] {logging_mixin.py:188} INFO - ✅ RandomForest — Acc: 0.8231, Prec: 0.8239, Recall: 0.8231, F1: 0.8234
[2025-07-20T10:58:36.274+0000] {logging_mixin.py:188} INFO - 
📊 Training XGBoost...
[2025-07-20T10:58:36.600+0000] {logging_mixin.py:188} INFO - Fitting 3 folds for each of 4 candidates, totalling 12 fits
[2025-07-20T10:58:46.433+0000] {logging_mixin.py:188} INFO - ✅ XGBoost — Acc: 0.8268, Prec: 0.8260, Recall: 0.8268, F1: 0.8263
[2025-07-20T10:58:46.507+0000] {logging_mixin.py:188} INFO - 
📊 Training LightGBM...
[2025-07-20T10:58:46.844+0000] {logging_mixin.py:188} INFO - Fitting 3 folds for each of 4 candidates, totalling 12 fits
[2025-07-20T11:01:41.313+0000] {logging_mixin.py:188} INFO - ✅ LightGBM — Acc: 0.8279, Prec: 0.8270, Recall: 0.8279, F1: 0.8273
[2025-07-20T11:01:41.386+0000] {logging_mixin.py:188} INFO - 
📊 Training DecisionTree...
[2025-07-20T11:01:41.732+0000] {logging_mixin.py:188} INFO - Fitting 3 folds for each of 3 candidates, totalling 9 fits
[2025-07-20T11:01:48.489+0000] {logging_mixin.py:188} INFO - ✅ DecisionTree — Acc: 0.8122, Prec: 0.8134, Recall: 0.8122, F1: 0.8127
[2025-07-20T11:01:48.577+0000] {logging_mixin.py:188} INFO - 
🏆 Best model: LightGBM (Accuracy: 0.8279)
[2025-07-20T11:01:56.648+0000] {logging_mixin.py:188} INFO - ✅ Model LightGBM v9 registered and saved
[2025-07-20T11:01:56.704+0000] {logging_mixin.py:188} INFO - 
📋 FINAL BEST MODEL SUMMARY
[2025-07-20T11:01:56.705+0000] {logging_mixin.py:188} INFO - Model Name     : LightGBM
[2025-07-20T11:01:56.706+0000] {logging_mixin.py:188} INFO - Version        : 9
[2025-07-20T11:01:56.706+0000] {logging_mixin.py:188} INFO - Run ID         : 9dee1e2e15824cde9ffd69a4ffaaf0f8
[2025-07-20T11:01:56.707+0000] {logging_mixin.py:188} INFO - Saved at       : models/model.pkl
[2025-07-20T11:01:56.719+0000] {logging_mixin.py:188} INFO - ✅ Retraining and logging complete
[2025-07-20T11:01:56.722+0000] {python.py:201} INFO - Done. Returned value was: None
[2025-07-20T11:01:56.787+0000] {taskinstance.py:1138} INFO - Marking task as SUCCESS. dag_id=retrain_model_dag, task_id=retrain_best_model, execution_date=20250720T105742, start_date=20250720T105757, end_date=20250720T110156
[2025-07-20T11:01:56.988+0000] {local_task_job_runner.py:234} INFO - Task exited with return code 0
[2025-07-20T11:01:57.115+0000] {taskinstance.py:3280} INFO - 0 downstream tasks scheduled from follow-on schedule check
