[2025-07-18T05:28:14.572+0000] {local_task_job_runner.py:120} INFO - ::group::Pre task execution logs
[2025-07-18T05:28:14.621+0000] {taskinstance.py:2073} INFO - Dependencies all met for dep_context=non-requeueable deps ti=<TaskInstance: retrain_model_dag.check_drift_flag manual__2025-07-18T05:27:58.757334+00:00 [queued]>
[2025-07-18T05:28:14.648+0000] {taskinstance.py:2073} INFO - Dependencies all met for dep_context=requeueable deps ti=<TaskInstance: retrain_model_dag.check_drift_flag manual__2025-07-18T05:27:58.757334+00:00 [queued]>
[2025-07-18T05:28:14.650+0000] {taskinstance.py:2303} INFO - Starting attempt 1 of 2
[2025-07-18T05:28:14.728+0000] {taskinstance.py:2327} INFO - Executing <Task(BranchPythonOperator): check_drift_flag> on 2025-07-18 05:27:58.757334+00:00
[2025-07-18T05:28:14.739+0000] {standard_task_runner.py:63} INFO - Started process 63 to run task
[2025-07-18T05:28:14.744+0000] {standard_task_runner.py:90} INFO - Running: ['airflow', 'tasks', 'run', 'retrain_model_dag', 'check_drift_flag', 'manual__2025-07-18T05:27:58.757334+00:00', '--job-id', '8', '--raw', '--subdir', 'DAGS_FOLDER/retrain_model_dag.py', '--cfg-path', '/tmp/tmp8zr6boec']
[2025-07-18T05:28:14.746+0000] {standard_task_runner.py:91} INFO - Job 8: Subtask check_drift_flag
[2025-07-18T05:28:14.962+0000] {task_command.py:426} INFO - Running <TaskInstance: retrain_model_dag.check_drift_flag manual__2025-07-18T05:27:58.757334+00:00 [running]> on host e1044c091a34
[2025-07-18T05:28:15.259+0000] {taskinstance.py:2644} INFO - Exporting env vars: AIRFLOW_CTX_DAG_OWNER='airflow' AIRFLOW_CTX_DAG_ID='retrain_model_dag' AIRFLOW_CTX_TASK_ID='check_drift_flag' AIRFLOW_CTX_EXECUTION_DATE='2025-07-18T05:27:58.757334+00:00' AIRFLOW_CTX_TRY_NUMBER='1' AIRFLOW_CTX_DAG_RUN_ID='manual__2025-07-18T05:27:58.757334+00:00'
[2025-07-18T05:28:15.260+0000] {taskinstance.py:430} INFO - ::endgroup::
[2025-07-18T05:28:15.285+0000] {baseoperator.py:399} WARNING - BranchPythonOperator.execute cannot be called outside TaskInstance!
[2025-07-18T05:28:15.294+0000] {python.py:237} INFO - Done. Returned value was: retrain_model
[2025-07-18T05:28:15.295+0000] {branch.py:36} INFO - Branch into retrain_model
[2025-07-18T05:28:15.296+0000] {skipmixin.py:178} INFO - Following branch retrain_model
[2025-07-18T05:28:15.372+0000] {skipmixin.py:246} INFO - Skipping tasks [('no_drift', -1)]
[2025-07-18T05:28:15.542+0000] {taskinstance.py:441} INFO - ::group::Post task execution logs
[2025-07-18T05:28:15.651+0000] {taskinstance.py:1205} INFO - Marking task as SUCCESS. dag_id=retrain_model_dag, task_id=check_drift_flag, execution_date=20250718T052758, start_date=20250718T052814, end_date=20250718T052815
[2025-07-18T05:28:15.766+0000] {local_task_job_runner.py:240} INFO - Task exited with return code 0
[2025-07-18T05:28:15.841+0000] {taskinstance.py:3482} INFO - 1 downstream tasks scheduled from follow-on schedule check
[2025-07-18T05:28:15.870+0000] {local_task_job_runner.py:222} INFO - ::endgroup::
